<?xml version="1.0" encoding="UTF-8"?>
<testsuite name="org.game.components.QuadTest" tests="1" skipped="0" failures="0" errors="0" timestamp="2023-07-20T15:52:39" hostname="DESKTOP-50PJF41" time="1.667">
  <properties/>
  <testcase name="testMoveUp()" classname="org.game.components.QuadTest" time="1.667"/>
  <system-out><![CDATA[]]></system-out>
  <system-err><![CDATA[]]></system-err>
</testsuite>
